Analysis & Synthesis report for Hangman
Tue Mar 26 12:48:40 2019
Quartus Prime Version 17.0.0 Build 595 04/25/2017 SJ Lite Edition


---------------------
; Table of Contents ;
---------------------
  1. Legal Notice
  2. Analysis & Synthesis Summary
  3. Analysis & Synthesis Settings
  4. Parallel Compilation
  5. Analysis & Synthesis Source Files Read
  6. Analysis & Synthesis Resource Usage Summary
  7. Analysis & Synthesis Resource Utilization by Entity
  8. State Machine - |Hangman|controller:c0|current_state
  9. User-Specified and Inferred Latches
 10. Registers Removed During Synthesis
 11. General Register Statistics
 12. Multiplexer Restructuring Statistics (Restructuring Performed)
 13. Parameter Settings for User Entity Instance: controller:c0
 14. Port Connectivity Checks: "datapath:d0"
 15. Port Connectivity Checks: "controller:c0"
 16. Port Connectivity Checks: "rate_divider:rate0|counter_to_hex:c1"
 17. Port Connectivity Checks: "rate_divider:rate0|RateDelay:r1"
 18. Port Connectivity Checks: "rate_divider:rate0"
 19. Post-Synthesis Netlist Statistics for Top Partition
 20. Elapsed Time Per Partition
 21. Analysis & Synthesis Messages



----------------
; Legal Notice ;
----------------
Copyright (C) 2017  Intel Corporation. All rights reserved.
Your use of Intel Corporation's design tools, logic functions 
and other software and tools, and its AMPP partner logic 
functions, and any output files from any of the foregoing 
(including device programming or simulation files), and any 
associated documentation or information are expressly subject 
to the terms and conditions of the Intel Program License 
Subscription Agreement, the Intel Quartus Prime License Agreement,
the Intel MegaCore Function License Agreement, or other 
applicable license agreement, including, without limitation, 
that your use is for the sole purpose of programming logic 
devices manufactured by Intel and sold by Intel or its 
authorized distributors.  Please refer to the applicable 
agreement for further details.



+-------------------------------------------------------------------------------+
; Analysis & Synthesis Summary                                                  ;
+---------------------------------+---------------------------------------------+
; Analysis & Synthesis Status     ; Successful - Tue Mar 26 12:48:40 2019       ;
; Quartus Prime Version           ; 17.0.0 Build 595 04/25/2017 SJ Lite Edition ;
; Revision Name                   ; Hangman                                     ;
; Top-level Entity Name           ; Hangman                                     ;
; Family                          ; Cyclone V                                   ;
; Logic utilization (in ALMs)     ; N/A                                         ;
; Total registers                 ; 49                                          ;
; Total pins                      ; 74                                          ;
; Total virtual pins              ; 0                                           ;
; Total block memory bits         ; 0                                           ;
; Total DSP Blocks                ; 0                                           ;
; Total HSSI RX PCSs              ; 0                                           ;
; Total HSSI PMA RX Deserializers ; 0                                           ;
; Total HSSI TX PCSs              ; 0                                           ;
; Total HSSI PMA TX Serializers   ; 0                                           ;
; Total PLLs                      ; 0                                           ;
; Total DLLs                      ; 0                                           ;
+---------------------------------+---------------------------------------------+


+---------------------------------------------------------------------------------------------------------------------------+
; Analysis & Synthesis Settings                                                                                             ;
+---------------------------------------------------------------------------------+--------------------+--------------------+
; Option                                                                          ; Setting            ; Default Value      ;
+---------------------------------------------------------------------------------+--------------------+--------------------+
; Device                                                                          ; 5CSEMA5F31C6       ;                    ;
; Top-level entity name                                                           ; Hangman            ; Hangman            ;
; Family name                                                                     ; Cyclone V          ; Cyclone V          ;
; Use smart compilation                                                           ; Off                ; Off                ;
; Enable parallel Assembler and TimeQuest Timing Analyzer during compilation      ; On                 ; On                 ;
; Enable compact report table                                                     ; Off                ; Off                ;
; Restructure Multiplexers                                                        ; Auto               ; Auto               ;
; MLAB Add Timing Constraints For Mixed-Port Feed-Through Mode Setting Don't Care ; Off                ; Off                ;
; Create Debugging Nodes for IP Cores                                             ; Off                ; Off                ;
; Preserve fewer node names                                                       ; On                 ; On                 ;
; OpenCore Plus hardware evaluation                                               ; Enable             ; Enable             ;
; Verilog Version                                                                 ; Verilog_2001       ; Verilog_2001       ;
; VHDL Version                                                                    ; VHDL_1993          ; VHDL_1993          ;
; State Machine Processing                                                        ; Auto               ; Auto               ;
; Safe State Machine                                                              ; Off                ; Off                ;
; Extract Verilog State Machines                                                  ; On                 ; On                 ;
; Extract VHDL State Machines                                                     ; On                 ; On                 ;
; Ignore Verilog initial constructs                                               ; Off                ; Off                ;
; Iteration limit for constant Verilog loops                                      ; 5000               ; 5000               ;
; Iteration limit for non-constant Verilog loops                                  ; 250                ; 250                ;
; Add Pass-Through Logic to Inferred RAMs                                         ; On                 ; On                 ;
; Infer RAMs from Raw Logic                                                       ; On                 ; On                 ;
; Parallel Synthesis                                                              ; On                 ; On                 ;
; DSP Block Balancing                                                             ; Auto               ; Auto               ;
; NOT Gate Push-Back                                                              ; On                 ; On                 ;
; Power-Up Don't Care                                                             ; On                 ; On                 ;
; Remove Redundant Logic Cells                                                    ; Off                ; Off                ;
; Remove Duplicate Registers                                                      ; On                 ; On                 ;
; Ignore CARRY Buffers                                                            ; Off                ; Off                ;
; Ignore CASCADE Buffers                                                          ; Off                ; Off                ;
; Ignore GLOBAL Buffers                                                           ; Off                ; Off                ;
; Ignore ROW GLOBAL Buffers                                                       ; Off                ; Off                ;
; Ignore LCELL Buffers                                                            ; Off                ; Off                ;
; Ignore SOFT Buffers                                                             ; On                 ; On                 ;
; Limit AHDL Integers to 32 Bits                                                  ; Off                ; Off                ;
; Optimization Technique                                                          ; Balanced           ; Balanced           ;
; Carry Chain Length                                                              ; 70                 ; 70                 ;
; Auto Carry Chains                                                               ; On                 ; On                 ;
; Auto Open-Drain Pins                                                            ; On                 ; On                 ;
; Perform WYSIWYG Primitive Resynthesis                                           ; Off                ; Off                ;
; Auto ROM Replacement                                                            ; On                 ; On                 ;
; Auto RAM Replacement                                                            ; On                 ; On                 ;
; Auto DSP Block Replacement                                                      ; On                 ; On                 ;
; Auto Shift Register Replacement                                                 ; Auto               ; Auto               ;
; Allow Shift Register Merging across Hierarchies                                 ; Auto               ; Auto               ;
; Auto Clock Enable Replacement                                                   ; On                 ; On                 ;
; Strict RAM Replacement                                                          ; Off                ; Off                ;
; Allow Synchronous Control Signals                                               ; On                 ; On                 ;
; Force Use of Synchronous Clear Signals                                          ; Off                ; Off                ;
; Auto Resource Sharing                                                           ; Off                ; Off                ;
; Allow Any RAM Size For Recognition                                              ; Off                ; Off                ;
; Allow Any ROM Size For Recognition                                              ; Off                ; Off                ;
; Allow Any Shift Register Size For Recognition                                   ; Off                ; Off                ;
; Use LogicLock Constraints during Resource Balancing                             ; On                 ; On                 ;
; Ignore translate_off and synthesis_off directives                               ; Off                ; Off                ;
; Timing-Driven Synthesis                                                         ; On                 ; On                 ;
; Report Parameter Settings                                                       ; On                 ; On                 ;
; Report Source Assignments                                                       ; On                 ; On                 ;
; Report Connectivity Checks                                                      ; On                 ; On                 ;
; Ignore Maximum Fan-Out Assignments                                              ; Off                ; Off                ;
; Synchronization Register Chain Length                                           ; 3                  ; 3                  ;
; PowerPlay Power Optimization During Synthesis                                   ; Normal compilation ; Normal compilation ;
; HDL message level                                                               ; Level2             ; Level2             ;
; Suppress Register Optimization Related Messages                                 ; Off                ; Off                ;
; Number of Removed Registers Reported in Synthesis Report                        ; 5000               ; 5000               ;
; Number of Swept Nodes Reported in Synthesis Report                              ; 5000               ; 5000               ;
; Number of Inverted Registers Reported in Synthesis Report                       ; 100                ; 100                ;
; Clock MUX Protection                                                            ; On                 ; On                 ;
; Auto Gated Clock Conversion                                                     ; Off                ; Off                ;
; Block Design Naming                                                             ; Auto               ; Auto               ;
; SDC constraint protection                                                       ; Off                ; Off                ;
; Synthesis Effort                                                                ; Auto               ; Auto               ;
; Shift Register Replacement - Allow Asynchronous Clear Signal                    ; On                 ; On                 ;
; Pre-Mapping Resynthesis Optimization                                            ; Off                ; Off                ;
; Analysis & Synthesis Message Level                                              ; Medium             ; Medium             ;
; Disable Register Merging Across Hierarchies                                     ; Auto               ; Auto               ;
; Resource Aware Inference For Block RAM                                          ; On                 ; On                 ;
; Automatic Parallel Synthesis                                                    ; On                 ; On                 ;
; Partial Reconfiguration Bitstream ID                                            ; Off                ; Off                ;
+---------------------------------------------------------------------------------+--------------------+--------------------+


+------------------------------------------+
; Parallel Compilation                     ;
+----------------------------+-------------+
; Processors                 ; Number      ;
+----------------------------+-------------+
; Number detected on machine ; 4           ;
; Maximum allowed            ; 4           ;
;                            ;             ;
; Average used               ; 1.00        ;
; Maximum used               ; 4           ;
;                            ;             ;
; Usage by Processor         ; % Time Used ;
;     Processor 1            ; 100.0%      ;
;     Processor 2            ;   0.0%      ;
;     Processors 3-4         ;   0.0%      ;
+----------------------------+-------------+


+-------------------------------------------------------------------------------------------------------------------------------------------------------------------------+
; Analysis & Synthesis Source Files Read                                                                                                                                  ;
+----------------------------------+-----------------+------------------------------+---------------------------------------------------------------------------+---------+
; File Name with User-Entered Path ; Used in Netlist ; File Type                    ; File Name with Absolute Path                                              ; Library ;
+----------------------------------+-----------------+------------------------------+---------------------------------------------------------------------------+---------+
; Hangman.v                        ; yes             ; User Verilog HDL File        ; C:/Users/slakh/Documents/0Shahzil/CSC258/HangmanV3/Hangman/Hangman.v      ;         ;
; rate_divider.v                   ; yes             ; Auto-Found Verilog HDL File  ; C:/Users/slakh/Documents/0Shahzil/CSC258/HangmanV3/Hangman/rate_divider.v ;         ;
+----------------------------------+-----------------+------------------------------+---------------------------------------------------------------------------+---------+


+--------------------------------------------------------------+
; Analysis & Synthesis Resource Usage Summary                  ;
+---------------------------------------------+----------------+
; Resource                                    ; Usage          ;
+---------------------------------------------+----------------+
; Estimate of Logic utilization (ALMs needed) ; 53             ;
;                                             ;                ;
; Combinational ALUT usage for logic          ; 92             ;
;     -- 7 input functions                    ; 0              ;
;     -- 6 input functions                    ; 14             ;
;     -- 5 input functions                    ; 14             ;
;     -- 4 input functions                    ; 18             ;
;     -- <=3 input functions                  ; 46             ;
;                                             ;                ;
; Dedicated logic registers                   ; 49             ;
;                                             ;                ;
; I/O pins                                    ; 74             ;
;                                             ;                ;
; Total DSP Blocks                            ; 0              ;
;                                             ;                ;
; Maximum fan-out node                        ; CLOCK_50~input ;
; Maximum fan-out                             ; 49             ;
; Total fan-out                               ; 572            ;
; Average fan-out                             ; 1.98           ;
+---------------------------------------------+----------------+


+---------------------------------------------------------------------------------------------------------------------------------------------------------------------------------------------------------------------+
; Analysis & Synthesis Resource Utilization by Entity                                                                                                                                                                 ;
+----------------------------+---------------------+---------------------------+-------------------+------------+------+--------------+-----------------------------------------------+----------------+--------------+
; Compilation Hierarchy Node ; Combinational ALUTs ; Dedicated Logic Registers ; Block Memory Bits ; DSP Blocks ; Pins ; Virtual Pins ; Full Hierarchy Name                           ; Entity Name    ; Library Name ;
+----------------------------+---------------------+---------------------------+-------------------+------------+------+--------------+-----------------------------------------------+----------------+--------------+
; |Hangman                   ; 92 (0)              ; 49 (0)                    ; 0                 ; 0          ; 74   ; 0            ; |Hangman                                      ; Hangman        ; work         ;
;    |controller:c0|         ; 42 (42)             ; 10 (10)                   ; 0                 ; 0          ; 0    ; 0            ; |Hangman|controller:c0                        ; controller     ; work         ;
;    |datapath:d0|           ; 0 (0)               ; 4 (4)                     ; 0                 ; 0          ; 0    ; 0            ; |Hangman|datapath:d0                          ; datapath       ; work         ;
;    |hexdecoder:H4|         ; 7 (7)               ; 0 (0)                     ; 0                 ; 0          ; 0    ; 0            ; |Hangman|hexdecoder:H4                        ; hexdecoder     ; work         ;
;    |rate_divider:rate0|    ; 43 (0)              ; 35 (0)                    ; 0                 ; 0          ; 0    ; 0            ; |Hangman|rate_divider:rate0                   ; rate_divider   ; work         ;
;       |RateDelay:r1|       ; 35 (35)             ; 29 (29)                   ; 0                 ; 0          ; 0    ; 0            ; |Hangman|rate_divider:rate0|RateDelay:r1      ; RateDelay      ; work         ;
;       |counter_to_hex:c1|  ; 8 (8)               ; 6 (6)                     ; 0                 ; 0          ; 0    ; 0            ; |Hangman|rate_divider:rate0|counter_to_hex:c1 ; counter_to_hex ; work         ;
+----------------------------+---------------------+---------------------------+-------------------+------------+------+--------------+-----------------------------------------------+----------------+--------------+
Note: For table entries with two numbers listed, the numbers in parentheses indicate the number of resources of the given type used by the specific entity alone. The numbers listed outside of parentheses indicate the total resources of the given type used by the specific entity and all of its sub-entities in the hierarchy.


Encoding Type:  One-Hot
+---------------------------------------------------------------------------------------------------------------------------------------------------------------------------------------------------------------------------------------------------------------------------------------------------------------+
; State Machine - |Hangman|controller:c0|current_state                                                                                                                                                                                                                                                          ;
+--------------------------------+---------------------------+--------------------------+----------------------+---------------------+--------------------------------+---------------------------+------------------------------+-------------------------+----------------------------+-----------------------+
; Name                           ; current_state.S_LOSE_WAIT ; current_state.S_WIN_WAIT ; current_state.S_LOSE ; current_state.S_WIN ; current_state.S_INCORRECT_WAIT ; current_state.S_INCORRECT ; current_state.S_CORRECT_WAIT ; current_state.S_CORRECT ; current_state.S_START_WAIT ; current_state.S_START ;
+--------------------------------+---------------------------+--------------------------+----------------------+---------------------+--------------------------------+---------------------------+------------------------------+-------------------------+----------------------------+-----------------------+
; current_state.S_START          ; 0                         ; 0                        ; 0                    ; 0                   ; 0                              ; 0                         ; 0                            ; 0                       ; 0                          ; 0                     ;
; current_state.S_START_WAIT     ; 0                         ; 0                        ; 0                    ; 0                   ; 0                              ; 0                         ; 0                            ; 0                       ; 1                          ; 1                     ;
; current_state.S_CORRECT        ; 0                         ; 0                        ; 0                    ; 0                   ; 0                              ; 0                         ; 0                            ; 1                       ; 0                          ; 1                     ;
; current_state.S_CORRECT_WAIT   ; 0                         ; 0                        ; 0                    ; 0                   ; 0                              ; 0                         ; 1                            ; 0                       ; 0                          ; 1                     ;
; current_state.S_INCORRECT      ; 0                         ; 0                        ; 0                    ; 0                   ; 0                              ; 1                         ; 0                            ; 0                       ; 0                          ; 1                     ;
; current_state.S_INCORRECT_WAIT ; 0                         ; 0                        ; 0                    ; 0                   ; 1                              ; 0                         ; 0                            ; 0                       ; 0                          ; 1                     ;
; current_state.S_WIN            ; 0                         ; 0                        ; 0                    ; 1                   ; 0                              ; 0                         ; 0                            ; 0                       ; 0                          ; 1                     ;
; current_state.S_LOSE           ; 0                         ; 0                        ; 1                    ; 0                   ; 0                              ; 0                         ; 0                            ; 0                       ; 0                          ; 1                     ;
; current_state.S_WIN_WAIT       ; 0                         ; 1                        ; 0                    ; 0                   ; 0                              ; 0                         ; 0                            ; 0                       ; 0                          ; 1                     ;
; current_state.S_LOSE_WAIT      ; 1                         ; 0                        ; 0                    ; 0                   ; 0                              ; 0                         ; 0                            ; 0                       ; 0                          ; 1                     ;
+--------------------------------+---------------------------+--------------------------+----------------------+---------------------+--------------------------------+---------------------------+------------------------------+-------------------------+----------------------------+-----------------------+


+---------------------------------------------------------------------------------------------------------+
; User-Specified and Inferred Latches                                                                     ;
+-----------------------------------------------------+--------------------------+------------------------+
; Latch Name                                          ; Latch Enable Signal      ; Free of Timing Hazards ;
+-----------------------------------------------------+--------------------------+------------------------+
; controller:c0|game_lost                             ; controller:c0|WideOr13   ; yes                    ;
; controller:c0|game_won                              ; controller:c0|WideOr12   ; yes                    ;
; controller:c0|enable_l4                             ; controller:c0|Selector19 ; yes                    ;
; controller:c0|enable_l3                             ; controller:c0|Selector18 ; yes                    ;
; controller:c0|enable_l2                             ; controller:c0|Selector17 ; yes                    ;
; controller:c0|enable_l1                             ; controller:c0|Selector15 ; yes                    ;
; controller:c0|num_wrongs[2]                         ; controller:c0|WideOr10   ; yes                    ;
; controller:c0|num_wrongs[3]                         ; controller:c0|WideOr10   ; yes                    ;
; controller:c0|num_wrongs[1]                         ; controller:c0|WideOr10   ; yes                    ;
; controller:c0|num_wrongs[0]                         ; controller:c0|WideOr10   ; yes                    ;
; Number of user-specified and inferred latches = 10  ;                          ;                        ;
+-----------------------------------------------------+--------------------------+------------------------+
Note: All latches listed above may not be present at the end of synthesis due to various synthesis optimizations.


+------------------------------------------------------------------------------------+
; Registers Removed During Synthesis                                                 ;
+----------------------------------------+-------------------------------------------+
; Register name                          ; Reason for Removal                        ;
+----------------------------------------+-------------------------------------------+
; datapath:d0|letter4display[2..4]       ; Stuck at GND due to stuck port data_in    ;
; datapath:d0|letter3display[0,2,4,5]    ; Stuck at GND due to stuck port data_in    ;
; datapath:d0|letter2display[1,5]        ; Stuck at GND due to stuck port data_in    ;
; datapath:d0|letter1display[0,1,5]      ; Stuck at GND due to stuck port data_in    ;
; datapath:d0|letter4display[0]          ; Stuck at GND due to stuck port data_in    ;
; datapath:d0|letter4display[5]          ; Merged with datapath:d0|letter4display[1] ;
; datapath:d0|letter2display[2..4]       ; Merged with datapath:d0|letter2display[0] ;
; datapath:d0|letter1display[3,4]        ; Merged with datapath:d0|letter1display[2] ;
; datapath:d0|letter3display[3]          ; Merged with datapath:d0|letter3display[1] ;
; controller:c0|current_state~2          ; Lost fanout                               ;
; controller:c0|current_state~3          ; Lost fanout                               ;
; controller:c0|current_state~4          ; Lost fanout                               ;
; controller:c0|current_state~5          ; Lost fanout                               ;
; Total Number of Removed Registers = 24 ;                                           ;
+----------------------------------------+-------------------------------------------+


+------------------------------------------------------+
; General Register Statistics                          ;
+----------------------------------------------+-------+
; Statistic                                    ; Value ;
+----------------------------------------------+-------+
; Total registers                              ; 49    ;
; Number of registers using Synchronous Clear  ; 28    ;
; Number of registers using Synchronous Load   ; 0     ;
; Number of registers using Asynchronous Clear ; 0     ;
; Number of registers using Asynchronous Load  ; 0     ;
; Number of registers using Clock Enable       ; 6     ;
; Number of registers using Preset             ; 0     ;
+----------------------------------------------+-------+


+------------------------------------------------------------------------------------------------------------------------------------------------------------------+
; Multiplexer Restructuring Statistics (Restructuring Performed)                                                                                                   ;
+--------------------+-----------+---------------+----------------------+------------------------+------------+----------------------------------------------------+
; Multiplexer Inputs ; Bus Width ; Baseline Area ; Area if Restructured ; Saving if Restructured ; Registered ; Example Multiplexer Output                         ;
+--------------------+-----------+---------------+----------------------+------------------------+------------+----------------------------------------------------+
; 3:1                ; 28 bits   ; 56 LEs        ; 0 LEs                ; 56 LEs                 ; Yes        ; |Hangman|rate_divider:rate0|RateDelay:r1|q[20]     ;
; 4:1                ; 3 bits    ; 6 LEs         ; 6 LEs                ; 0 LEs                  ; Yes        ; |Hangman|rate_divider:rate0|counter_to_hex:c1|q[4] ;
; 4:1                ; 3 bits    ; 6 LEs         ; 6 LEs                ; 0 LEs                  ; Yes        ; |Hangman|rate_divider:rate0|counter_to_hex:c1|q[0] ;
+--------------------+-----------+---------------+----------------------+------------------------+------------+----------------------------------------------------+


+------------------------------------------------------------+
; Parameter Settings for User Entity Instance: controller:c0 ;
+----------------+-------+-----------------------------------+
; Parameter Name ; Value ; Type                              ;
+----------------+-------+-----------------------------------+
; max_num_wrongs ; 4     ; Signed Integer                    ;
+----------------+-------+-----------------------------------+
Note: In order to hide this table in the UI and the text report file, please set the "Show Parameter Settings in Synthesis Report" option in "Analysis and Synthesis Settings -> More Settings" to "Off".


+-------------------------------------------------+
; Port Connectivity Checks: "datapath:d0"         ;
+---------------+-------+----------+--------------+
; Port          ; Type  ; Severity ; Details      ;
+---------------+-------+----------+--------------+
; dash          ; Input ; Info     ; Stuck at GND ;
; letter1[4..2] ; Input ; Info     ; Stuck at VCC ;
; letter1[1..0] ; Input ; Info     ; Stuck at GND ;
; letter1[5]    ; Input ; Info     ; Stuck at GND ;
; letter2[4..2] ; Input ; Info     ; Stuck at VCC ;
; letter2[5]    ; Input ; Info     ; Stuck at GND ;
; letter2[1]    ; Input ; Info     ; Stuck at GND ;
; letter2[0]    ; Input ; Info     ; Stuck at VCC ;
; letter3[5..4] ; Input ; Info     ; Stuck at GND ;
; letter3[3]    ; Input ; Info     ; Stuck at VCC ;
; letter3[2]    ; Input ; Info     ; Stuck at GND ;
; letter3[1]    ; Input ; Info     ; Stuck at VCC ;
; letter3[0]    ; Input ; Info     ; Stuck at GND ;
; letter4[4..2] ; Input ; Info     ; Stuck at GND ;
; letter4[5]    ; Input ; Info     ; Stuck at VCC ;
; letter4[1]    ; Input ; Info     ; Stuck at VCC ;
; letter4[0]    ; Input ; Info     ; Stuck at GND ;
+---------------+-------+----------+--------------+


+-------------------------------------------------+
; Port Connectivity Checks: "controller:c0"       ;
+---------------+-------+----------+--------------+
; Port          ; Type  ; Severity ; Details      ;
+---------------+-------+----------+--------------+
; letter1[4..2] ; Input ; Info     ; Stuck at VCC ;
; letter1[1..0] ; Input ; Info     ; Stuck at GND ;
; letter1[5]    ; Input ; Info     ; Stuck at GND ;
; letter2[4..2] ; Input ; Info     ; Stuck at VCC ;
; letter2[5]    ; Input ; Info     ; Stuck at GND ;
; letter2[1]    ; Input ; Info     ; Stuck at GND ;
; letter2[0]    ; Input ; Info     ; Stuck at VCC ;
; letter3[5..4] ; Input ; Info     ; Stuck at GND ;
; letter3[3]    ; Input ; Info     ; Stuck at VCC ;
; letter3[2]    ; Input ; Info     ; Stuck at GND ;
; letter3[1]    ; Input ; Info     ; Stuck at VCC ;
; letter3[0]    ; Input ; Info     ; Stuck at GND ;
; letter4[4..2] ; Input ; Info     ; Stuck at GND ;
; letter4[5]    ; Input ; Info     ; Stuck at VCC ;
; letter4[1]    ; Input ; Info     ; Stuck at VCC ;
; letter4[0]    ; Input ; Info     ; Stuck at GND ;
+---------------+-------+----------+--------------+


+------------------------------------------------------------------+
; Port Connectivity Checks: "rate_divider:rate0|counter_to_hex:c1" ;
+------------------+-------+----------+----------------------------+
; Port             ; Type  ; Severity ; Details                    ;
+------------------+-------+----------+----------------------------+
; d[4..0]          ; Input ; Info     ; Stuck at GND               ;
; d[5]             ; Input ; Info     ; Stuck at VCC               ;
; par_load         ; Input ; Info     ; Stuck at GND               ;
; time_limit[2..0] ; Input ; Info     ; Stuck at VCC               ;
; time_limit[5..3] ; Input ; Info     ; Stuck at GND               ;
; enable           ; Input ; Info     ; Stuck at VCC               ;
+------------------+-------+----------+----------------------------+


+--------------------------------------------------------------------------------------------------------------------+
; Port Connectivity Checks: "rate_divider:rate0|RateDelay:r1"                                                        ;
+----------+--------+----------+-------------------------------------------------------------------------------------+
; Port     ; Type   ; Severity ; Details                                                                             ;
+----------+--------+----------+-------------------------------------------------------------------------------------+
; d[27..4] ; Input  ; Info     ; Stuck at GND                                                                        ;
; d[2..1]  ; Input  ; Info     ; Stuck at GND                                                                        ;
; d[3]     ; Input  ; Info     ; Stuck at VCC                                                                        ;
; d[0]     ; Input  ; Info     ; Stuck at VCC                                                                        ;
; q        ; Output ; Info     ; Connected to dangling logic. Logic that only feeds a dangling port will be removed. ;
+----------+--------+----------+-------------------------------------------------------------------------------------+


+------------------------------------------------+
; Port Connectivity Checks: "rate_divider:rate0" ;
+--------+-------+----------+--------------------+
; Port   ; Type  ; Severity ; Details            ;
+--------+-------+----------+--------------------+
; enable ; Input ; Info     ; Stuck at VCC       ;
+--------+-------+----------+--------------------+


+-----------------------------------------------------+
; Post-Synthesis Netlist Statistics for Top Partition ;
+-----------------------+-----------------------------+
; Type                  ; Count                       ;
+-----------------------+-----------------------------+
; arriav_ff             ; 49                          ;
;     ENA               ; 6                           ;
;     SCLR              ; 28                          ;
;     plain             ; 15                          ;
; arriav_lcell_comb     ; 99                          ;
;     arith             ; 28                          ;
;         1 data inputs ; 28                          ;
;     normal            ; 71                          ;
;         0 data inputs ; 2                           ;
;         1 data inputs ; 5                           ;
;         2 data inputs ; 4                           ;
;         3 data inputs ; 14                          ;
;         4 data inputs ; 18                          ;
;         5 data inputs ; 14                          ;
;         6 data inputs ; 14                          ;
; boundary_port         ; 74                          ;
;                       ;                             ;
; Max LUT depth         ; 3.70                        ;
; Average LUT depth     ; 2.28                        ;
+-----------------------+-----------------------------+


+-------------------------------+
; Elapsed Time Per Partition    ;
+----------------+--------------+
; Partition Name ; Elapsed Time ;
+----------------+--------------+
; Top            ; 00:00:06     ;
+----------------+--------------+


+-------------------------------+
; Analysis & Synthesis Messages ;
+-------------------------------+
Info: *******************************************************************
Info: Running Quartus Prime Analysis & Synthesis
    Info: Version 17.0.0 Build 595 04/25/2017 SJ Lite Edition
    Info: Processing started: Tue Mar 26 12:47:35 2019
Info: Command: quartus_map --read_settings_files=on --write_settings_files=off Hangman -c Hangman
Warning (18236): Number of processors has not been specified which may cause overloading on shared machines.  Set the global assignment NUM_PARALLEL_PROCESSORS in your QSF to an appropriate value for best performance.
Info (20030): Parallel compilation is enabled and will use 4 of the 4 processors detected
Info (12021): Found 7 design units, including 7 entities, in source file hangman.v
    Info (12023): Found entity 1: Hangman File: C:/Users/slakh/Documents/0Shahzil/CSC258/HangmanV3/Hangman/Hangman.v Line: 1
    Info (12023): Found entity 2: controller File: C:/Users/slakh/Documents/0Shahzil/CSC258/HangmanV3/Hangman/Hangman.v Line: 131
    Info (12023): Found entity 3: datapath File: C:/Users/slakh/Documents/0Shahzil/CSC258/HangmanV3/Hangman/Hangman.v Line: 321
    Info (12023): Found entity 4: hangman_hex File: C:/Users/slakh/Documents/0Shahzil/CSC258/HangmanV3/Hangman/Hangman.v Line: 368
    Info (12023): Found entity 5: randomizer File: C:/Users/slakh/Documents/0Shahzil/CSC258/HangmanV3/Hangman/Hangman.v Line: 399
    Info (12023): Found entity 6: lfsr File: C:/Users/slakh/Documents/0Shahzil/CSC258/HangmanV3/Hangman/Hangman.v Line: 445
    Info (12023): Found entity 7: hexdecoder File: C:/Users/slakh/Documents/0Shahzil/CSC258/HangmanV3/Hangman/Hangman.v Line: 463
Info (12021): Found 0 design units, including 0 entities, in source file hangman2.v
Info (12021): Found 0 design units, including 0 entities, in source file hangman_nofsm.v
Info (12127): Elaborating entity "Hangman" for the top level hierarchy
Warning (10036): Verilog HDL or VHDL warning at Hangman.v(19): object "letter5" assigned a value but never read File: C:/Users/slakh/Documents/0Shahzil/CSC258/HangmanV3/Hangman/Hangman.v Line: 19
Warning (10034): Output port "HEX5" at Hangman.v(7) has no driver File: C:/Users/slakh/Documents/0Shahzil/CSC258/HangmanV3/Hangman/Hangman.v Line: 7
Warning (10034): Output port "HEX6" at Hangman.v(7) has no driver File: C:/Users/slakh/Documents/0Shahzil/CSC258/HangmanV3/Hangman/Hangman.v Line: 7
Warning (12125): Using design file rate_divider.v, which is not specified as a design file for the current project, but contains definitions for 3 design units and 3 entities in project
    Info (12023): Found entity 1: rate_divider File: C:/Users/slakh/Documents/0Shahzil/CSC258/HangmanV3/Hangman/rate_divider.v Line: 1
    Info (12023): Found entity 2: counter_to_hex File: C:/Users/slakh/Documents/0Shahzil/CSC258/HangmanV3/Hangman/rate_divider.v Line: 56
    Info (12023): Found entity 3: RateDelay File: C:/Users/slakh/Documents/0Shahzil/CSC258/HangmanV3/Hangman/rate_divider.v Line: 90
Info (12128): Elaborating entity "rate_divider" for hierarchy "rate_divider:rate0" File: C:/Users/slakh/Documents/0Shahzil/CSC258/HangmanV3/Hangman/Hangman.v Line: 39
Info (12128): Elaborating entity "RateDelay" for hierarchy "rate_divider:rate0|RateDelay:r1" File: C:/Users/slakh/Documents/0Shahzil/CSC258/HangmanV3/Hangman/rate_divider.v Line: 36
Info (12128): Elaborating entity "counter_to_hex" for hierarchy "rate_divider:rate0|counter_to_hex:c1" File: C:/Users/slakh/Documents/0Shahzil/CSC258/HangmanV3/Hangman/rate_divider.v Line: 47
Info (12128): Elaborating entity "controller" for hierarchy "controller:c0" File: C:/Users/slakh/Documents/0Shahzil/CSC258/HangmanV3/Hangman/Hangman.v Line: 69
Warning (10270): Verilog HDL Case Statement warning at Hangman.v(277): incomplete case statement has no default case item File: C:/Users/slakh/Documents/0Shahzil/CSC258/HangmanV3/Hangman/Hangman.v Line: 277
Info (10264): Verilog HDL Case Statement information at Hangman.v(277): all case item expressions in this case statement are onehot File: C:/Users/slakh/Documents/0Shahzil/CSC258/HangmanV3/Hangman/Hangman.v Line: 277
Warning (10240): Verilog HDL Always Construct warning at Hangman.v(276): inferring latch(es) for variable "num_wrongs", which holds its previous value in one or more paths through the always construct File: C:/Users/slakh/Documents/0Shahzil/CSC258/HangmanV3/Hangman/Hangman.v Line: 276
Warning (10240): Verilog HDL Always Construct warning at Hangman.v(276): inferring latch(es) for variable "enable_l1", which holds its previous value in one or more paths through the always construct File: C:/Users/slakh/Documents/0Shahzil/CSC258/HangmanV3/Hangman/Hangman.v Line: 276
Warning (10240): Verilog HDL Always Construct warning at Hangman.v(276): inferring latch(es) for variable "enable_l2", which holds its previous value in one or more paths through the always construct File: C:/Users/slakh/Documents/0Shahzil/CSC258/HangmanV3/Hangman/Hangman.v Line: 276
Warning (10240): Verilog HDL Always Construct warning at Hangman.v(276): inferring latch(es) for variable "enable_l3", which holds its previous value in one or more paths through the always construct File: C:/Users/slakh/Documents/0Shahzil/CSC258/HangmanV3/Hangman/Hangman.v Line: 276
Warning (10240): Verilog HDL Always Construct warning at Hangman.v(276): inferring latch(es) for variable "enable_l4", which holds its previous value in one or more paths through the always construct File: C:/Users/slakh/Documents/0Shahzil/CSC258/HangmanV3/Hangman/Hangman.v Line: 276
Warning (10240): Verilog HDL Always Construct warning at Hangman.v(276): inferring latch(es) for variable "game_won", which holds its previous value in one or more paths through the always construct File: C:/Users/slakh/Documents/0Shahzil/CSC258/HangmanV3/Hangman/Hangman.v Line: 276
Warning (10240): Verilog HDL Always Construct warning at Hangman.v(276): inferring latch(es) for variable "game_lost", which holds its previous value in one or more paths through the always construct File: C:/Users/slakh/Documents/0Shahzil/CSC258/HangmanV3/Hangman/Hangman.v Line: 276
Info (10041): Inferred latch for "game_lost" at Hangman.v(276) File: C:/Users/slakh/Documents/0Shahzil/CSC258/HangmanV3/Hangman/Hangman.v Line: 276
Info (10041): Inferred latch for "game_won" at Hangman.v(276) File: C:/Users/slakh/Documents/0Shahzil/CSC258/HangmanV3/Hangman/Hangman.v Line: 276
Info (10041): Inferred latch for "enable_l4" at Hangman.v(276) File: C:/Users/slakh/Documents/0Shahzil/CSC258/HangmanV3/Hangman/Hangman.v Line: 276
Info (10041): Inferred latch for "enable_l3" at Hangman.v(276) File: C:/Users/slakh/Documents/0Shahzil/CSC258/HangmanV3/Hangman/Hangman.v Line: 276
Info (10041): Inferred latch for "enable_l2" at Hangman.v(276) File: C:/Users/slakh/Documents/0Shahzil/CSC258/HangmanV3/Hangman/Hangman.v Line: 276
Info (10041): Inferred latch for "enable_l1" at Hangman.v(276) File: C:/Users/slakh/Documents/0Shahzil/CSC258/HangmanV3/Hangman/Hangman.v Line: 276
Info (10041): Inferred latch for "num_wrongs[0]" at Hangman.v(276) File: C:/Users/slakh/Documents/0Shahzil/CSC258/HangmanV3/Hangman/Hangman.v Line: 276
Info (10041): Inferred latch for "num_wrongs[1]" at Hangman.v(276) File: C:/Users/slakh/Documents/0Shahzil/CSC258/HangmanV3/Hangman/Hangman.v Line: 276
Info (10041): Inferred latch for "num_wrongs[2]" at Hangman.v(276) File: C:/Users/slakh/Documents/0Shahzil/CSC258/HangmanV3/Hangman/Hangman.v Line: 276
Info (10041): Inferred latch for "num_wrongs[3]" at Hangman.v(276) File: C:/Users/slakh/Documents/0Shahzil/CSC258/HangmanV3/Hangman/Hangman.v Line: 276
Info (12128): Elaborating entity "datapath" for hierarchy "datapath:d0" File: C:/Users/slakh/Documents/0Shahzil/CSC258/HangmanV3/Hangman/Hangman.v Line: 89
Info (12128): Elaborating entity "hangman_hex" for hierarchy "hangman_hex:H3" File: C:/Users/slakh/Documents/0Shahzil/CSC258/HangmanV3/Hangman/Hangman.v Line: 99
Info (12128): Elaborating entity "hexdecoder" for hierarchy "hexdecoder:H4" File: C:/Users/slakh/Documents/0Shahzil/CSC258/HangmanV3/Hangman/Hangman.v Line: 127
Warning (13012): Latch controller:c0|game_lost has unsafe behavior File: C:/Users/slakh/Documents/0Shahzil/CSC258/HangmanV3/Hangman/Hangman.v Line: 146
    Warning (13013): Ports D and ENA on the latch are fed by the same signal controller:c0|current_state.S_LOSE File: C:/Users/slakh/Documents/0Shahzil/CSC258/HangmanV3/Hangman/Hangman.v Line: 151
Warning (13012): Latch controller:c0|game_won has unsafe behavior File: C:/Users/slakh/Documents/0Shahzil/CSC258/HangmanV3/Hangman/Hangman.v Line: 147
    Warning (13013): Ports D and ENA on the latch are fed by the same signal controller:c0|current_state.S_WIN File: C:/Users/slakh/Documents/0Shahzil/CSC258/HangmanV3/Hangman/Hangman.v Line: 151
Warning (13012): Latch controller:c0|enable_l4 has unsafe behavior File: C:/Users/slakh/Documents/0Shahzil/CSC258/HangmanV3/Hangman/Hangman.v Line: 145
    Warning (13013): Ports D and ENA on the latch are fed by the same signal controller:c0|current_state.S_CORRECT File: C:/Users/slakh/Documents/0Shahzil/CSC258/HangmanV3/Hangman/Hangman.v Line: 151
Warning (13012): Latch controller:c0|enable_l3 has unsafe behavior File: C:/Users/slakh/Documents/0Shahzil/CSC258/HangmanV3/Hangman/Hangman.v Line: 144
    Warning (13013): Ports D and ENA on the latch are fed by the same signal controller:c0|current_state.S_CORRECT File: C:/Users/slakh/Documents/0Shahzil/CSC258/HangmanV3/Hangman/Hangman.v Line: 151
Warning (13012): Latch controller:c0|enable_l2 has unsafe behavior File: C:/Users/slakh/Documents/0Shahzil/CSC258/HangmanV3/Hangman/Hangman.v Line: 143
    Warning (13013): Ports D and ENA on the latch are fed by the same signal controller:c0|current_state.S_CORRECT File: C:/Users/slakh/Documents/0Shahzil/CSC258/HangmanV3/Hangman/Hangman.v Line: 151
Warning (13012): Latch controller:c0|enable_l1 has unsafe behavior File: C:/Users/slakh/Documents/0Shahzil/CSC258/HangmanV3/Hangman/Hangman.v Line: 142
    Warning (13013): Ports D and ENA on the latch are fed by the same signal controller:c0|current_state.S_CORRECT File: C:/Users/slakh/Documents/0Shahzil/CSC258/HangmanV3/Hangman/Hangman.v Line: 151
Warning (13012): Latch controller:c0|num_wrongs[2] has unsafe behavior File: C:/Users/slakh/Documents/0Shahzil/CSC258/HangmanV3/Hangman/Hangman.v Line: 276
    Warning (13013): Ports D and ENA on the latch are fed by the same signal controller:c0|current_state.S_INCORRECT File: C:/Users/slakh/Documents/0Shahzil/CSC258/HangmanV3/Hangman/Hangman.v Line: 151
Warning (13012): Latch controller:c0|num_wrongs[3] has unsafe behavior File: C:/Users/slakh/Documents/0Shahzil/CSC258/HangmanV3/Hangman/Hangman.v Line: 276
    Warning (13013): Ports D and ENA on the latch are fed by the same signal controller:c0|current_state.S_INCORRECT File: C:/Users/slakh/Documents/0Shahzil/CSC258/HangmanV3/Hangman/Hangman.v Line: 151
Warning (13012): Latch controller:c0|num_wrongs[1] has unsafe behavior File: C:/Users/slakh/Documents/0Shahzil/CSC258/HangmanV3/Hangman/Hangman.v Line: 276
    Warning (13013): Ports D and ENA on the latch are fed by the same signal controller:c0|current_state.S_INCORRECT File: C:/Users/slakh/Documents/0Shahzil/CSC258/HangmanV3/Hangman/Hangman.v Line: 151
Warning (13012): Latch controller:c0|num_wrongs[0] has unsafe behavior File: C:/Users/slakh/Documents/0Shahzil/CSC258/HangmanV3/Hangman/Hangman.v Line: 276
    Warning (13013): Ports D and ENA on the latch are fed by the same signal controller:c0|current_state.S_INCORRECT File: C:/Users/slakh/Documents/0Shahzil/CSC258/HangmanV3/Hangman/Hangman.v Line: 151
Warning (13024): Output pins are stuck at VCC or GND
    Warning (13410): Pin "HEX0[0]" is stuck at VCC File: C:/Users/slakh/Documents/0Shahzil/CSC258/HangmanV3/Hangman/Hangman.v Line: 7
    Warning (13410): Pin "HEX0[3]" is stuck at GND File: C:/Users/slakh/Documents/0Shahzil/CSC258/HangmanV3/Hangman/Hangman.v Line: 7
    Warning (13410): Pin "HEX0[4]" is stuck at VCC File: C:/Users/slakh/Documents/0Shahzil/CSC258/HangmanV3/Hangman/Hangman.v Line: 7
    Warning (13410): Pin "HEX2[0]" is stuck at VCC File: C:/Users/slakh/Documents/0Shahzil/CSC258/HangmanV3/Hangman/Hangman.v Line: 7
    Warning (13410): Pin "HEX2[1]" is stuck at VCC File: C:/Users/slakh/Documents/0Shahzil/CSC258/HangmanV3/Hangman/Hangman.v Line: 7
    Warning (13410): Pin "HEX2[2]" is stuck at VCC File: C:/Users/slakh/Documents/0Shahzil/CSC258/HangmanV3/Hangman/Hangman.v Line: 7
    Warning (13410): Pin "HEX2[3]" is stuck at GND File: C:/Users/slakh/Documents/0Shahzil/CSC258/HangmanV3/Hangman/Hangman.v Line: 7
    Warning (13410): Pin "HEX3[1]" is stuck at VCC File: C:/Users/slakh/Documents/0Shahzil/CSC258/HangmanV3/Hangman/Hangman.v Line: 7
    Warning (13410): Pin "HEX3[3]" is stuck at GND File: C:/Users/slakh/Documents/0Shahzil/CSC258/HangmanV3/Hangman/Hangman.v Line: 7
    Warning (13410): Pin "HEX3[4]" is stuck at VCC File: C:/Users/slakh/Documents/0Shahzil/CSC258/HangmanV3/Hangman/Hangman.v Line: 7
    Warning (13410): Pin "HEX5[0]" is stuck at GND File: C:/Users/slakh/Documents/0Shahzil/CSC258/HangmanV3/Hangman/Hangman.v Line: 7
    Warning (13410): Pin "HEX5[1]" is stuck at GND File: C:/Users/slakh/Documents/0Shahzil/CSC258/HangmanV3/Hangman/Hangman.v Line: 7
    Warning (13410): Pin "HEX5[2]" is stuck at GND File: C:/Users/slakh/Documents/0Shahzil/CSC258/HangmanV3/Hangman/Hangman.v Line: 7
    Warning (13410): Pin "HEX5[3]" is stuck at GND File: C:/Users/slakh/Documents/0Shahzil/CSC258/HangmanV3/Hangman/Hangman.v Line: 7
    Warning (13410): Pin "HEX5[4]" is stuck at GND File: C:/Users/slakh/Documents/0Shahzil/CSC258/HangmanV3/Hangman/Hangman.v Line: 7
    Warning (13410): Pin "HEX5[5]" is stuck at GND File: C:/Users/slakh/Documents/0Shahzil/CSC258/HangmanV3/Hangman/Hangman.v Line: 7
    Warning (13410): Pin "HEX5[6]" is stuck at GND File: C:/Users/slakh/Documents/0Shahzil/CSC258/HangmanV3/Hangman/Hangman.v Line: 7
    Warning (13410): Pin "HEX6[0]" is stuck at GND File: C:/Users/slakh/Documents/0Shahzil/CSC258/HangmanV3/Hangman/Hangman.v Line: 7
    Warning (13410): Pin "HEX6[1]" is stuck at GND File: C:/Users/slakh/Documents/0Shahzil/CSC258/HangmanV3/Hangman/Hangman.v Line: 7
    Warning (13410): Pin "HEX6[2]" is stuck at GND File: C:/Users/slakh/Documents/0Shahzil/CSC258/HangmanV3/Hangman/Hangman.v Line: 7
    Warning (13410): Pin "HEX6[3]" is stuck at GND File: C:/Users/slakh/Documents/0Shahzil/CSC258/HangmanV3/Hangman/Hangman.v Line: 7
    Warning (13410): Pin "HEX6[4]" is stuck at GND File: C:/Users/slakh/Documents/0Shahzil/CSC258/HangmanV3/Hangman/Hangman.v Line: 7
    Warning (13410): Pin "HEX6[5]" is stuck at GND File: C:/Users/slakh/Documents/0Shahzil/CSC258/HangmanV3/Hangman/Hangman.v Line: 7
    Warning (13410): Pin "HEX6[6]" is stuck at GND File: C:/Users/slakh/Documents/0Shahzil/CSC258/HangmanV3/Hangman/Hangman.v Line: 7
Info (286030): Timing-Driven Synthesis is running
Info (17049): 4 registers lost all their fanouts during netlist optimizations.
Info (16010): Generating hard_block partition "hard_block:auto_generated_inst"
    Info (16011): Adding 0 node(s), including 0 DDIO, 0 PLL, 0 transceiver and 0 LCELL
Warning (21074): Design contains 5 input pin(s) that do not drive logic
    Warning (15610): No output dependent on input pin "SW[6]" File: C:/Users/slakh/Documents/0Shahzil/CSC258/HangmanV3/Hangman/Hangman.v Line: 4
    Warning (15610): No output dependent on input pin "SW[7]" File: C:/Users/slakh/Documents/0Shahzil/CSC258/HangmanV3/Hangman/Hangman.v Line: 4
    Warning (15610): No output dependent on input pin "SW[8]" File: C:/Users/slakh/Documents/0Shahzil/CSC258/HangmanV3/Hangman/Hangman.v Line: 4
    Warning (15610): No output dependent on input pin "KEY[1]" File: C:/Users/slakh/Documents/0Shahzil/CSC258/HangmanV3/Hangman/Hangman.v Line: 5
    Warning (15610): No output dependent on input pin "KEY[2]" File: C:/Users/slakh/Documents/0Shahzil/CSC258/HangmanV3/Hangman/Hangman.v Line: 5
Info (21057): Implemented 170 device resources after synthesis - the final resource count might be different
    Info (21058): Implemented 15 input pins
    Info (21059): Implemented 59 output pins
    Info (21061): Implemented 96 logic cells
Info: Quartus Prime Analysis & Synthesis was successful. 0 errors, 64 warnings
    Info: Peak virtual memory: 4860 megabytes
    Info: Processing ended: Tue Mar 26 12:48:40 2019
    Info: Elapsed time: 00:01:05
    Info: Total CPU time (on all processors): 00:01:38


